<?xml version="1.0" encoding="UTF-8"?>
<!-- Generated by org.testng.reporters.JUnitReportReporter -->
<testsuite hostname="DESKTOP-J9EO0C6" failures="0" tests="3" name="practice.Dataprovider" time="0.016" errors="0" timestamp="2022-07-05T11:43:53 IST" skipped="0">
  <testcase classname="practice.Dataprovider" name="bookticket" time="0.009"/>
  <system-out/>
  <testcase classname="practice.Dataprovider" name="bookticket" time="0.002"/>
  <system-out/>
  <testcase classname="practice.Dataprovider" name="bookticket" time="0.005"/>
  <system-out/>
</testsuite> <!-- practice.Dataprovider -->
