<?xml version="1.0" encoding="UTF-8"?>
<!-- Generated by org.testng.reporters.JUnitReportReporter -->
<testsuite hostname="DESKTOP-J9EO0C6" failures="0" tests="2" name="sample.CreateProductTNGTest" time="329.818" errors="0" timestamp="2022-07-23T11:33:24 IST" skipped="0">
  <testcase classname="sample.CreateProductTNGTest" name="createproductanddelete" time="247.396"/>
  <system-out/>
  <testcase classname="sample.CreateProductTNGTest" name="product" time="82.422"/>
  <system-out/>
</testsuite> <!-- sample.CreateProductTNGTest -->
