<?xml version="1.0" encoding="UTF-8"?>
<!-- Generated by org.testng.reporters.JUnitReportReporter -->
<testsuite hostname="DESKTOP-J9EO0C6" failures="0" tests="2" name="practice.Sampal" time="83.471" errors="0" timestamp="2022-07-05T12:50:12 IST" skipped="0">
  <testcase classname="practice.Sampal" name="createcontAnddeleteTest" time="44.321"/>
  <system-out/>
  <testcase classname="practice.Sampal" name="createContTest" time="39.150"/>
  <system-out/>
</testsuite> <!-- practice.Sampal -->
