<?xml version="1.0" encoding="UTF-8"?>
<!-- Generated by org.testng.reporters.JUnitReportReporter -->
<testsuite hostname="DESKTOP-J9EO0C6" failures="0" tests="1" name="sample.CreateOrginationTNG" time="41.673" errors="0" timestamp="2022-07-13T16:59:49 IST" skipped="0">
  <testcase classname="sample.CreateOrginationTNG" name="createOrgination" time="41.673"/>
  <system-out/>
</testsuite> <!-- sample.CreateOrginationTNG -->
