<?xml version="1.0" encoding="UTF-8"?>
<!-- Generated by org.testng.reporters.JUnitReportReporter -->
<testsuite hostname="DESKTOP-J9EO0C6" failures="0" tests="3" name="sample.CreateContactintesng" time="72.010" errors="0" timestamp="2022-07-14T21:40:10 IST" skipped="0">
  <testcase classname="sample.CreateContactintesng" name="createContTest" time="31.899"/>
  <system-out/>
  <testcase classname="sample.CreateContactintesng" name="logout" time="10.662"/>
  <system-out/>
  <testcase classname="sample.CreateContactintesng" name="createcontAnddeleteTest" time="29.449"/>
  <system-out/>
</testsuite> <!-- sample.CreateContactintesng -->
