<?xml version="1.0" encoding="UTF-8"?>
<!-- Generated by org.testng.reporters.JUnitReportReporter -->
<testsuite hostname="DESKTOP-J9EO0C6" failures="0" tests="2" name="sample.PurchaseOrderTNG" time="154.799" errors="0" timestamp="2022-07-14T21:40:11 IST" skipped="0">
  <testcase classname="sample.PurchaseOrderTNG" name="purchaseAndContactWithDelete" time="64.892"/>
  <system-out/>
  <testcase classname="sample.PurchaseOrderTNG" name="purchase" time="89.907"/>
  <system-out/>
</testsuite> <!-- sample.PurchaseOrderTNG -->
