<?xml version="1.0" encoding="UTF-8"?>
<!-- Generated by org.testng.reporters.JUnitReportReporter -->
<testsuite hostname="DESKTOP-J9EO0C6" failures="0" tests="2" name="sample.CreateProductTNG" time="193.044" errors="0" timestamp="2022-07-14T21:40:11 IST" skipped="0">
  <testcase classname="sample.CreateProductTNG" name="product" time="116.791"/>
  <system-out/>
  <testcase classname="sample.CreateProductTNG" name="createproductanddelete" time="76.253"/>
  <system-out/>
</testsuite> <!-- sample.CreateProductTNG -->
