<?xml version="1.0" encoding="UTF-8"?>
<!-- Generated by org.testng.reporters.JUnitReportReporter -->
<testsuite hostname="DESKTOP-J9EO0C6" failures="0" tests="2" name="sample.CreateOrginationTest" time="50.018" errors="0" timestamp="2022-07-14T21:40:11 IST" skipped="0">
  <testcase classname="sample.CreateOrginationTest" name="createAndDelete" time="21.747"/>
  <system-out/>
  <testcase classname="sample.CreateOrginationTest" name="createContTest" time="28.271"/>
  <system-out/>
</testsuite> <!-- sample.CreateOrginationTest -->
