<?xml version="1.0" encoding="UTF-8"?>
<!-- Generated by org.testng.reporters.JUnitReportReporter -->
<testsuite hostname="DESKTOP-J9EO0C6" failures="0" tests="1" name="sample.CreateVenderTNG" time="23.429" errors="0" timestamp="2022-07-14T21:40:11 IST" skipped="0">
  <testcase classname="sample.CreateVenderTNG" name="vender" time="23.429"/>
  <system-out/>
</testsuite> <!-- sample.CreateVenderTNG -->
